[1.281s] Invoking command in '/home/robofruit/workspace/chacras_ws/src/my_package': PYTHONPATH=/home/robofruit/workspace/chacras_ws/build/my_package/prefix_override:/usr/lib/python3/dist-packages/colcon_core/task/python/colcon_distutils_commands:/home/robofruit/workspace/chacras_ws/install/my_package/lib/python3.12/site-packages:${PYTHONPATH} /usr/bin/python3 -W ignore:setup.py install is deprecated -W ignore:easy_install command is deprecated setup.py egg_info --egg-base ../../build/my_package build --build-base /home/robofruit/workspace/chacras_ws/build/my_package/build install --record /home/robofruit/workspace/chacras_ws/build/my_package/install.log --single-version-externally-managed install_data
[1.682s] running egg_info
[1.706s] writing ../../build/my_package/my_package.egg-info/PKG-INFO
[1.706s] writing dependency_links to ../../build/my_package/my_package.egg-info/dependency_links.txt
[1.707s] writing requirements to ../../build/my_package/my_package.egg-info/requires.txt
[1.707s] writing top-level names to ../../build/my_package/my_package.egg-info/top_level.txt
[1.776s] reading manifest file '../../build/my_package/my_package.egg-info/SOURCES.txt'
[1.777s] writing manifest file '../../build/my_package/my_package.egg-info/SOURCES.txt'
[1.777s] running build
[1.777s] running build_py
[1.777s] copying my_package/setup.py -> /home/robofruit/workspace/chacras_ws/build/my_package/build/lib/my_package
[1.777s] copying my_package/subscriber.py -> /home/robofruit/workspace/chacras_ws/build/my_package/build/lib/my_package
[1.778s] running install
[1.785s] running install_lib
[1.810s] copying /home/robofruit/workspace/chacras_ws/build/my_package/build/lib/my_package/setup.py -> /home/robofruit/workspace/chacras_ws/install/my_package/lib/python3.12/site-packages/my_package
[1.811s] copying /home/robofruit/workspace/chacras_ws/build/my_package/build/lib/my_package/subscriber.py -> /home/robofruit/workspace/chacras_ws/install/my_package/lib/python3.12/site-packages/my_package
[1.812s] byte-compiling /home/robofruit/workspace/chacras_ws/install/my_package/lib/python3.12/site-packages/my_package/setup.py to setup.cpython-312.pyc
[1.813s] byte-compiling /home/robofruit/workspace/chacras_ws/install/my_package/lib/python3.12/site-packages/my_package/subscriber.py to subscriber.cpython-312.pyc
[1.814s] running install_data
[1.815s] running install_egg_info
[1.863s] removing '/home/robofruit/workspace/chacras_ws/install/my_package/lib/python3.12/site-packages/my_package-0.0.0-py3.12.egg-info' (and everything under it)
[1.863s] Copying ../../build/my_package/my_package.egg-info to /home/robofruit/workspace/chacras_ws/install/my_package/lib/python3.12/site-packages/my_package-0.0.0-py3.12.egg-info
[1.864s] running install_scripts
[2.052s] writing list of installed files to '/home/robofruit/workspace/chacras_ws/build/my_package/install.log'
[2.100s] Invoked command in '/home/robofruit/workspace/chacras_ws/src/my_package' returned '0': PYTHONPATH=/home/robofruit/workspace/chacras_ws/build/my_package/prefix_override:/usr/lib/python3/dist-packages/colcon_core/task/python/colcon_distutils_commands:/home/robofruit/workspace/chacras_ws/install/my_package/lib/python3.12/site-packages:${PYTHONPATH} /usr/bin/python3 -W ignore:setup.py install is deprecated -W ignore:easy_install command is deprecated setup.py egg_info --egg-base ../../build/my_package build --build-base /home/robofruit/workspace/chacras_ws/build/my_package/build install --record /home/robofruit/workspace/chacras_ws/build/my_package/install.log --single-version-externally-managed install_data
