[1.571s] Invoking command in '/home/robofruit/workspace/chacras_ws/src/my_package': PYTHONPATH=/home/robofruit/workspace/chacras_ws/src/build/my_package/prefix_override:/usr/lib/python3/dist-packages/colcon_core/task/python/colcon_distutils_commands:/home/robofruit/workspace/chacras_ws/src/install/my_package/lib/python3.12/site-packages:${PYTHONPATH} /usr/bin/python3 -W ignore:setup.py install is deprecated -W ignore:easy_install command is deprecated setup.py egg_info --egg-base ../build/my_package build --build-base /home/robofruit/workspace/chacras_ws/src/build/my_package/build install --record /home/robofruit/workspace/chacras_ws/src/build/my_package/install.log --single-version-externally-managed install_data
[1.968s] running egg_info
[1.968s] creating ../build/my_package/my_package.egg-info
[1.994s] writing ../build/my_package/my_package.egg-info/PKG-INFO
[1.994s] writing dependency_links to ../build/my_package/my_package.egg-info/dependency_links.txt
[1.994s] writing requirements to ../build/my_package/my_package.egg-info/requires.txt
[1.994s] writing top-level names to ../build/my_package/my_package.egg-info/top_level.txt
[1.994s] writing manifest file '../build/my_package/my_package.egg-info/SOURCES.txt'
[2.057s] reading manifest file '../build/my_package/my_package.egg-info/SOURCES.txt'
[2.058s] writing manifest file '../build/my_package/my_package.egg-info/SOURCES.txt'
[2.058s] running build
[2.058s] running build_py
[2.058s] creating /home/robofruit/workspace/chacras_ws/src/build/my_package/build
[2.059s] creating /home/robofruit/workspace/chacras_ws/src/build/my_package/build/lib
[2.059s] creating /home/robofruit/workspace/chacras_ws/src/build/my_package/build/lib/my_package
[2.059s] copying my_package/__init__.py -> /home/robofruit/workspace/chacras_ws/src/build/my_package/build/lib/my_package
[2.059s] running install
[2.069s] running install_lib
[2.094s] creating /home/robofruit/workspace/chacras_ws/src/install/my_package/lib/python3.12/site-packages/my_package
[2.094s] copying /home/robofruit/workspace/chacras_ws/src/build/my_package/build/lib/my_package/__init__.py -> /home/robofruit/workspace/chacras_ws/src/install/my_package/lib/python3.12/site-packages/my_package
[2.094s] byte-compiling /home/robofruit/workspace/chacras_ws/src/install/my_package/lib/python3.12/site-packages/my_package/__init__.py to __init__.cpython-312.pyc
[2.095s] running install_data
[2.095s] creating /home/robofruit/workspace/chacras_ws/src/install/my_package/share/ament_index
[2.095s] creating /home/robofruit/workspace/chacras_ws/src/install/my_package/share/ament_index/resource_index
[2.095s] creating /home/robofruit/workspace/chacras_ws/src/install/my_package/share/ament_index/resource_index/packages
[2.095s] copying resource/my_package -> /home/robofruit/workspace/chacras_ws/src/install/my_package/share/ament_index/resource_index/packages
[2.095s] copying package.xml -> /home/robofruit/workspace/chacras_ws/src/install/my_package/share/my_package
[2.095s] running install_egg_info
[2.125s] Copying ../build/my_package/my_package.egg-info to /home/robofruit/workspace/chacras_ws/src/install/my_package/lib/python3.12/site-packages/my_package-0.0.0-py3.12.egg-info
[2.126s] running install_scripts
[2.325s] writing list of installed files to '/home/robofruit/workspace/chacras_ws/src/build/my_package/install.log'
[2.393s] Invoked command in '/home/robofruit/workspace/chacras_ws/src/my_package' returned '0': PYTHONPATH=/home/robofruit/workspace/chacras_ws/src/build/my_package/prefix_override:/usr/lib/python3/dist-packages/colcon_core/task/python/colcon_distutils_commands:/home/robofruit/workspace/chacras_ws/src/install/my_package/lib/python3.12/site-packages:${PYTHONPATH} /usr/bin/python3 -W ignore:setup.py install is deprecated -W ignore:easy_install command is deprecated setup.py egg_info --egg-base ../build/my_package build --build-base /home/robofruit/workspace/chacras_ws/src/build/my_package/build install --record /home/robofruit/workspace/chacras_ws/src/build/my_package/install.log --single-version-externally-managed install_data
