running egg_info
writing ../../build/my_package/my_package.egg-info/PKG-INFO
writing dependency_links to ../../build/my_package/my_package.egg-info/dependency_links.txt
writing requirements to ../../build/my_package/my_package.egg-info/requires.txt
writing top-level names to ../../build/my_package/my_package.egg-info/top_level.txt
reading manifest file '../../build/my_package/my_package.egg-info/SOURCES.txt'
writing manifest file '../../build/my_package/my_package.egg-info/SOURCES.txt'
running build
running build_py
copying my_package/publisher.py -> /home/robofruit/workspace/chacras_ws/build/my_package/build/lib/my_package
running install
running install_lib
copying /home/robofruit/workspace/chacras_ws/build/my_package/build/lib/my_package/publisher.py -> /home/robofruit/workspace/chacras_ws/install/my_package/lib/python3.12/site-packages/my_package
byte-compiling /home/robofruit/workspace/chacras_ws/install/my_package/lib/python3.12/site-packages/my_package/publisher.py to publisher.cpython-312.pyc
running install_data
running install_egg_info
removing '/home/robofruit/workspace/chacras_ws/install/my_package/lib/python3.12/site-packages/my_package-0.0.0-py3.12.egg-info' (and everything under it)
Copying ../../build/my_package/my_package.egg-info to /home/robofruit/workspace/chacras_ws/install/my_package/lib/python3.12/site-packages/my_package-0.0.0-py3.12.egg-info
running install_scripts
writing list of installed files to '/home/robofruit/workspace/chacras_ws/build/my_package/install.log'
