[1.406s] Invoking command in '/home/robofruit/workspace/chacras_ws/src/my_package': PYTHONPATH=/home/robofruit/workspace/chacras_ws/build/my_package/prefix_override:/usr/lib/python3/dist-packages/colcon_core/task/python/colcon_distutils_commands:/home/robofruit/workspace/chacras_ws/install/my_package/lib/python3.12/site-packages:${PYTHONPATH} /usr/bin/python3 -W ignore:setup.py install is deprecated -W ignore:easy_install command is deprecated setup.py egg_info --egg-base ../../build/my_package build --build-base /home/robofruit/workspace/chacras_ws/build/my_package/build install --record /home/robofruit/workspace/chacras_ws/build/my_package/install.log --single-version-externally-managed install_data
[1.807s] running egg_info
[1.842s] writing ../../build/my_package/my_package.egg-info/PKG-INFO
[1.843s] writing dependency_links to ../../build/my_package/my_package.egg-info/dependency_links.txt
[1.843s] writing requirements to ../../build/my_package/my_package.egg-info/requires.txt
[1.844s] writing top-level names to ../../build/my_package/my_package.egg-info/top_level.txt
[1.902s] reading manifest file '../../build/my_package/my_package.egg-info/SOURCES.txt'
[1.902s] writing manifest file '../../build/my_package/my_package.egg-info/SOURCES.txt'
[1.903s] running build
[1.903s] running build_py
[1.903s] copying my_package/publisher.py -> /home/robofruit/workspace/chacras_ws/build/my_package/build/lib/my_package
[1.903s] running install
[1.910s] running install_lib
[1.959s] copying /home/robofruit/workspace/chacras_ws/build/my_package/build/lib/my_package/publisher.py -> /home/robofruit/workspace/chacras_ws/install/my_package/lib/python3.12/site-packages/my_package
[1.960s] byte-compiling /home/robofruit/workspace/chacras_ws/install/my_package/lib/python3.12/site-packages/my_package/publisher.py to publisher.cpython-312.pyc
[1.961s] running install_data
[1.961s] running install_egg_info
[1.991s] removing '/home/robofruit/workspace/chacras_ws/install/my_package/lib/python3.12/site-packages/my_package-0.0.0-py3.12.egg-info' (and everything under it)
[1.992s] Copying ../../build/my_package/my_package.egg-info to /home/robofruit/workspace/chacras_ws/install/my_package/lib/python3.12/site-packages/my_package-0.0.0-py3.12.egg-info
[1.993s] running install_scripts
[2.202s] writing list of installed files to '/home/robofruit/workspace/chacras_ws/build/my_package/install.log'
[2.276s] Invoked command in '/home/robofruit/workspace/chacras_ws/src/my_package' returned '0': PYTHONPATH=/home/robofruit/workspace/chacras_ws/build/my_package/prefix_override:/usr/lib/python3/dist-packages/colcon_core/task/python/colcon_distutils_commands:/home/robofruit/workspace/chacras_ws/install/my_package/lib/python3.12/site-packages:${PYTHONPATH} /usr/bin/python3 -W ignore:setup.py install is deprecated -W ignore:easy_install command is deprecated setup.py egg_info --egg-base ../../build/my_package build --build-base /home/robofruit/workspace/chacras_ws/build/my_package/build install --record /home/robofruit/workspace/chacras_ws/build/my_package/install.log --single-version-externally-managed install_data
