[1.669s] Invoking command in '/home/robofruit/workspace/chacras_ws/src/my_package': PYTHONPATH=/home/robofruit/workspace/chacras_ws/build/my_package/prefix_override:/usr/lib/python3/dist-packages/colcon_core/task/python/colcon_distutils_commands:/home/robofruit/workspace/chacras_ws/install/my_package/lib/python3.12/site-packages:${PYTHONPATH} /usr/bin/python3 -W ignore:setup.py install is deprecated -W ignore:easy_install command is deprecated setup.py egg_info --egg-base ../../build/my_package build --build-base /home/robofruit/workspace/chacras_ws/build/my_package/build install --record /home/robofruit/workspace/chacras_ws/build/my_package/install.log --single-version-externally-managed install_data
[2.060s] running egg_info
[2.060s] creating ../../build/my_package/my_package.egg-info
[2.085s] writing ../../build/my_package/my_package.egg-info/PKG-INFO
[2.085s] writing dependency_links to ../../build/my_package/my_package.egg-info/dependency_links.txt
[2.085s] writing requirements to ../../build/my_package/my_package.egg-info/requires.txt
[2.085s] writing top-level names to ../../build/my_package/my_package.egg-info/top_level.txt
[2.086s] writing manifest file '../../build/my_package/my_package.egg-info/SOURCES.txt'
[2.160s] reading manifest file '../../build/my_package/my_package.egg-info/SOURCES.txt'
[2.161s] writing manifest file '../../build/my_package/my_package.egg-info/SOURCES.txt'
[2.161s] running build
[2.161s] running build_py
[2.162s] creating /home/robofruit/workspace/chacras_ws/build/my_package/build
[2.162s] creating /home/robofruit/workspace/chacras_ws/build/my_package/build/lib
[2.162s] creating /home/robofruit/workspace/chacras_ws/build/my_package/build/lib/my_package
[2.162s] copying my_package/suscriber.py -> /home/robofruit/workspace/chacras_ws/build/my_package/build/lib/my_package
[2.162s] copying my_package/__init__.py -> /home/robofruit/workspace/chacras_ws/build/my_package/build/lib/my_package
[2.163s] copying my_package/setup.py -> /home/robofruit/workspace/chacras_ws/build/my_package/build/lib/my_package
[2.163s] copying my_package/publisher.py -> /home/robofruit/workspace/chacras_ws/build/my_package/build/lib/my_package
[2.163s] running install
[2.171s] running install_lib
[2.196s] creating /home/robofruit/workspace/chacras_ws/install/my_package/lib/python3.12/site-packages/my_package
[2.197s] copying /home/robofruit/workspace/chacras_ws/build/my_package/build/lib/my_package/suscriber.py -> /home/robofruit/workspace/chacras_ws/install/my_package/lib/python3.12/site-packages/my_package
[2.197s] copying /home/robofruit/workspace/chacras_ws/build/my_package/build/lib/my_package/__init__.py -> /home/robofruit/workspace/chacras_ws/install/my_package/lib/python3.12/site-packages/my_package
[2.197s] copying /home/robofruit/workspace/chacras_ws/build/my_package/build/lib/my_package/setup.py -> /home/robofruit/workspace/chacras_ws/install/my_package/lib/python3.12/site-packages/my_package
[2.197s] copying /home/robofruit/workspace/chacras_ws/build/my_package/build/lib/my_package/publisher.py -> /home/robofruit/workspace/chacras_ws/install/my_package/lib/python3.12/site-packages/my_package
[2.198s] byte-compiling /home/robofruit/workspace/chacras_ws/install/my_package/lib/python3.12/site-packages/my_package/suscriber.py to suscriber.cpython-312.pyc
[2.198s] byte-compiling /home/robofruit/workspace/chacras_ws/install/my_package/lib/python3.12/site-packages/my_package/__init__.py to __init__.cpython-312.pyc
[2.199s] byte-compiling /home/robofruit/workspace/chacras_ws/install/my_package/lib/python3.12/site-packages/my_package/setup.py to setup.cpython-312.pyc
[2.199s] byte-compiling /home/robofruit/workspace/chacras_ws/install/my_package/lib/python3.12/site-packages/my_package/publisher.py to publisher.cpython-312.pyc
[2.199s] running install_data
[2.200s] creating /home/robofruit/workspace/chacras_ws/install/my_package/share/ament_index
[2.200s] creating /home/robofruit/workspace/chacras_ws/install/my_package/share/ament_index/resource_index
[2.200s] creating /home/robofruit/workspace/chacras_ws/install/my_package/share/ament_index/resource_index/packages
[2.200s] copying resource/my_package -> /home/robofruit/workspace/chacras_ws/install/my_package/share/ament_index/resource_index/packages
[2.200s] copying package.xml -> /home/robofruit/workspace/chacras_ws/install/my_package/share/my_package
[2.201s] running install_egg_info
[2.237s] Copying ../../build/my_package/my_package.egg-info to /home/robofruit/workspace/chacras_ws/install/my_package/lib/python3.12/site-packages/my_package-0.0.0-py3.12.egg-info
[2.239s] running install_scripts
[2.426s] writing list of installed files to '/home/robofruit/workspace/chacras_ws/build/my_package/install.log'
[2.497s] Invoked command in '/home/robofruit/workspace/chacras_ws/src/my_package' returned '0': PYTHONPATH=/home/robofruit/workspace/chacras_ws/build/my_package/prefix_override:/usr/lib/python3/dist-packages/colcon_core/task/python/colcon_distutils_commands:/home/robofruit/workspace/chacras_ws/install/my_package/lib/python3.12/site-packages:${PYTHONPATH} /usr/bin/python3 -W ignore:setup.py install is deprecated -W ignore:easy_install command is deprecated setup.py egg_info --egg-base ../../build/my_package build --build-base /home/robofruit/workspace/chacras_ws/build/my_package/build install --record /home/robofruit/workspace/chacras_ws/build/my_package/install.log --single-version-externally-managed install_data
