[0.535s] DEBUG:colcon:Command line arguments: ['/usr/bin/colcon', 'build', '--packages-select', 'comms_basicas']
[0.535s] DEBUG:colcon:Parsed command line arguments: Namespace(log_base=None, log_level=None, verb_name='build', build_base='build', install_base='install', merge_install=False, symlink_install=False, test_result_base=None, continue_on_error=False, executor='parallel', parallel_workers=4, event_handlers=None, ignore_user_meta=False, metas=['./colcon.meta'], base_paths=['.'], packages_ignore=None, packages_ignore_regex=None, paths=None, packages_up_to=None, packages_up_to_regex=None, packages_above=None, packages_above_and_dependencies=None, packages_above_depth=None, packages_select_by_dep=None, packages_skip_by_dep=None, packages_skip_up_to=None, packages_select_build_failed=False, packages_skip_build_finished=False, packages_select_test_failures=False, packages_skip_test_passed=False, packages_select=['comms_basicas'], packages_skip=None, packages_select_regex=None, packages_skip_regex=None, packages_start=None, packages_end=None, allow_overriding=[], cmake_args=None, cmake_target=None, cmake_target_skip_unavailable=False, cmake_clean_cache=False, cmake_clean_first=False, cmake_force_configure=False, ament_cmake_args=None, catkin_cmake_args=None, catkin_skip_building_tests=False, mixin_files=None, mixin=None, verb_parser=<colcon_mixin.mixin.mixin_argument.MixinArgumentDecorator object at 0x709a15ea1160>, verb_extension=<colcon_core.verb.build.BuildVerb object at 0x709a15ea0e30>, main=<bound method BuildVerb.main of <colcon_core.verb.build.BuildVerb object at 0x709a15ea0e30>>, mixin_verb=('build',))
[0.635s] Level 1:colcon.colcon_core.package_discovery:discover_packages(colcon_meta) check parameters
[0.635s] Level 1:colcon.colcon_core.package_discovery:discover_packages(recursive) check parameters
[0.635s] Level 1:colcon.colcon_core.package_discovery:discover_packages(ignore) check parameters
[0.635s] Level 1:colcon.colcon_core.package_discovery:discover_packages(path) check parameters
[0.635s] Level 1:colcon.colcon_core.package_discovery:discover_packages(colcon_meta) discover
[0.635s] Level 1:colcon.colcon_core.package_discovery:discover_packages(recursive) discover
[0.636s] INFO:colcon.colcon_core.package_discovery:Crawling recursively for packages in '/home/robofruit/workspace/dario-backup/ejercicios-ros/ejercicio-1'
[0.636s] Level 1:colcon.colcon_core.package_identification:_identify(.) by extensions ['ignore', 'ignore_ament_install']
[0.636s] Level 1:colcon.colcon_core.package_identification:_identify(.) by extension 'ignore'
[0.636s] Level 1:colcon.colcon_core.package_identification:_identify(.) by extension 'ignore_ament_install'
[0.636s] Level 1:colcon.colcon_core.package_identification:_identify(.) by extensions ['colcon_pkg']
[0.636s] Level 1:colcon.colcon_core.package_identification:_identify(.) by extension 'colcon_pkg'
[0.636s] Level 1:colcon.colcon_core.package_identification:_identify(.) by extensions ['colcon_meta']
[0.636s] Level 1:colcon.colcon_core.package_identification:_identify(.) by extension 'colcon_meta'
[0.636s] Level 1:colcon.colcon_core.package_identification:_identify(.) by extensions ['ros']
[0.636s] Level 1:colcon.colcon_core.package_identification:_identify(.) by extension 'ros'
[0.686s] Level 1:colcon.colcon_core.package_identification:_identify(.) by extensions ['cmake', 'python']
[0.686s] Level 1:colcon.colcon_core.package_identification:_identify(.) by extension 'cmake'
[0.686s] Level 1:colcon.colcon_core.package_identification:_identify(.) by extension 'python'
[0.686s] Level 1:colcon.colcon_core.package_identification:_identify(.) by extensions ['python_setup_py']
[0.686s] Level 1:colcon.colcon_core.package_identification:_identify(.) by extension 'python_setup_py'
[0.686s] Level 1:colcon.colcon_core.package_identification:_identify(build) by extensions ['ignore', 'ignore_ament_install']
[0.687s] Level 1:colcon.colcon_core.package_identification:_identify(build) by extension 'ignore'
[0.687s] Level 1:colcon.colcon_core.package_identification:_identify(build) ignored
[0.687s] Level 1:colcon.colcon_core.package_identification:_identify(install) by extensions ['ignore', 'ignore_ament_install']
[0.687s] Level 1:colcon.colcon_core.package_identification:_identify(install) by extension 'ignore'
[0.687s] Level 1:colcon.colcon_core.package_identification:_identify(install) ignored
[0.687s] Level 1:colcon.colcon_core.package_identification:_identify(log) by extensions ['ignore', 'ignore_ament_install']
[0.687s] Level 1:colcon.colcon_core.package_identification:_identify(log) by extension 'ignore'
[0.687s] Level 1:colcon.colcon_core.package_identification:_identify(log) ignored
[0.688s] Level 1:colcon.colcon_core.package_identification:_identify(src) by extensions ['ignore', 'ignore_ament_install']
[0.688s] Level 1:colcon.colcon_core.package_identification:_identify(src) by extension 'ignore'
[0.688s] Level 1:colcon.colcon_core.package_identification:_identify(src) by extension 'ignore_ament_install'
[0.688s] Level 1:colcon.colcon_core.package_identification:_identify(src) by extensions ['colcon_pkg']
[0.688s] Level 1:colcon.colcon_core.package_identification:_identify(src) by extension 'colcon_pkg'
[0.688s] Level 1:colcon.colcon_core.package_identification:_identify(src) by extensions ['colcon_meta']
[0.688s] Level 1:colcon.colcon_core.package_identification:_identify(src) by extension 'colcon_meta'
[0.688s] Level 1:colcon.colcon_core.package_identification:_identify(src) by extensions ['ros']
[0.688s] Level 1:colcon.colcon_core.package_identification:_identify(src) by extension 'ros'
[0.688s] Level 1:colcon.colcon_core.package_identification:_identify(src) by extensions ['cmake', 'python']
[0.688s] Level 1:colcon.colcon_core.package_identification:_identify(src) by extension 'cmake'
[0.689s] Level 1:colcon.colcon_core.package_identification:_identify(src) by extension 'python'
[0.689s] Level 1:colcon.colcon_core.package_identification:_identify(src) by extensions ['python_setup_py']
[0.689s] Level 1:colcon.colcon_core.package_identification:_identify(src) by extension 'python_setup_py'
[0.689s] Level 1:colcon.colcon_core.package_identification:_identify(src/comms_basicas) by extensions ['ignore', 'ignore_ament_install']
[0.689s] Level 1:colcon.colcon_core.package_identification:_identify(src/comms_basicas) by extension 'ignore'
[0.689s] Level 1:colcon.colcon_core.package_identification:_identify(src/comms_basicas) by extension 'ignore_ament_install'
[0.689s] Level 1:colcon.colcon_core.package_identification:_identify(src/comms_basicas) by extensions ['colcon_pkg']
[0.689s] Level 1:colcon.colcon_core.package_identification:_identify(src/comms_basicas) by extension 'colcon_pkg'
[0.689s] Level 1:colcon.colcon_core.package_identification:_identify(src/comms_basicas) by extensions ['colcon_meta']
[0.689s] Level 1:colcon.colcon_core.package_identification:_identify(src/comms_basicas) by extension 'colcon_meta'
[0.689s] Level 1:colcon.colcon_core.package_identification:_identify(src/comms_basicas) by extensions ['ros']
[0.690s] Level 1:colcon.colcon_core.package_identification:_identify(src/comms_basicas) by extension 'ros'
[0.695s] DEBUG:colcon.colcon_core.package_identification:Package 'src/comms_basicas' with type 'ros.ament_python' and name 'comms_basicas'
[0.695s] Level 1:colcon.colcon_core.package_discovery:discover_packages(recursive) using defaults
[0.695s] Level 1:colcon.colcon_core.package_discovery:discover_packages(ignore) discover
[0.695s] Level 1:colcon.colcon_core.package_discovery:discover_packages(ignore) using defaults
[0.695s] Level 1:colcon.colcon_core.package_discovery:discover_packages(path) discover
[0.695s] Level 1:colcon.colcon_core.package_discovery:discover_packages(path) using defaults
[0.729s] Level 1:colcon.colcon_core.package_discovery:discover_packages(prefix_path) check parameters
[0.729s] Level 1:colcon.colcon_core.package_discovery:discover_packages(prefix_path) discover
[0.734s] DEBUG:colcon.colcon_installed_package_information.package_discovery:Found 324 installed packages in /opt/ros/kilted
[0.735s] Level 1:colcon.colcon_core.package_discovery:discover_packages(prefix_path) using defaults
[0.794s] Level 5:colcon.colcon_core.verb:set package 'comms_basicas' build argument 'cmake_args' from command line to 'None'
[0.794s] Level 5:colcon.colcon_core.verb:set package 'comms_basicas' build argument 'cmake_target' from command line to 'None'
[0.794s] Level 5:colcon.colcon_core.verb:set package 'comms_basicas' build argument 'cmake_target_skip_unavailable' from command line to 'False'
[0.794s] Level 5:colcon.colcon_core.verb:set package 'comms_basicas' build argument 'cmake_clean_cache' from command line to 'False'
[0.794s] Level 5:colcon.colcon_core.verb:set package 'comms_basicas' build argument 'cmake_clean_first' from command line to 'False'
[0.794s] Level 5:colcon.colcon_core.verb:set package 'comms_basicas' build argument 'cmake_force_configure' from command line to 'False'
[0.795s] Level 5:colcon.colcon_core.verb:set package 'comms_basicas' build argument 'ament_cmake_args' from command line to 'None'
[0.795s] Level 5:colcon.colcon_core.verb:set package 'comms_basicas' build argument 'catkin_cmake_args' from command line to 'None'
[0.795s] Level 5:colcon.colcon_core.verb:set package 'comms_basicas' build argument 'catkin_skip_building_tests' from command line to 'False'
[0.795s] DEBUG:colcon.colcon_core.verb:Building package 'comms_basicas' with the following arguments: {'ament_cmake_args': None, 'build_base': '/home/robofruit/workspace/dario-backup/ejercicios-ros/ejercicio-1/build/comms_basicas', 'catkin_cmake_args': None, 'catkin_skip_building_tests': False, 'cmake_args': None, 'cmake_clean_cache': False, 'cmake_clean_first': False, 'cmake_force_configure': False, 'cmake_target': None, 'cmake_target_skip_unavailable': False, 'install_base': '/home/robofruit/workspace/dario-backup/ejercicios-ros/ejercicio-1/install/comms_basicas', 'merge_install': False, 'path': '/home/robofruit/workspace/dario-backup/ejercicios-ros/ejercicio-1/src/comms_basicas', 'symlink_install': False, 'test_result_base': None}
[0.795s] INFO:colcon.colcon_core.executor:Executing jobs using 'parallel' executor
[0.796s] DEBUG:colcon.colcon_parallel_executor.executor.parallel:run_until_complete
[0.796s] INFO:colcon.colcon_ros.task.ament_python.build:Building ROS package in '/home/robofruit/workspace/dario-backup/ejercicios-ros/ejercicio-1/src/comms_basicas' with build type 'ament_python'
[0.796s] Level 1:colcon.colcon_core.shell:create_environment_hook('comms_basicas', 'ament_prefix_path')
[0.802s] INFO:colcon.colcon_core.plugin_system:Skipping extension 'colcon_core.shell.bat': Not used on non-Windows systems
[0.802s] INFO:colcon.colcon_core.shell:Creating environment hook '/home/robofruit/workspace/dario-backup/ejercicios-ros/ejercicio-1/install/comms_basicas/share/comms_basicas/hook/ament_prefix_path.ps1'
[0.804s] INFO:colcon.colcon_core.shell:Creating environment descriptor '/home/robofruit/workspace/dario-backup/ejercicios-ros/ejercicio-1/install/comms_basicas/share/comms_basicas/hook/ament_prefix_path.dsv'
[0.805s] INFO:colcon.colcon_core.shell:Creating environment hook '/home/robofruit/workspace/dario-backup/ejercicios-ros/ejercicio-1/install/comms_basicas/share/comms_basicas/hook/ament_prefix_path.sh'
[0.807s] INFO:colcon.colcon_core.shell:Skip shell extension 'powershell' for command environment: Not usable outside of PowerShell
[0.807s] DEBUG:colcon.colcon_core.shell:Skip shell extension 'dsv' for command environment
[1.107s] INFO:colcon.colcon_core.task.python.build:Building Python package in '/home/robofruit/workspace/dario-backup/ejercicios-ros/ejercicio-1/src/comms_basicas'
[1.107s] INFO:colcon.colcon_core.shell:Skip shell extension 'powershell' for command environment: Not usable outside of PowerShell
[1.107s] DEBUG:colcon.colcon_core.shell:Skip shell extension 'dsv' for command environment
[2.204s] DEBUG:colcon.colcon_core.event_handler.log_command:Invoking command in '/home/robofruit/workspace/dario-backup/ejercicios-ros/ejercicio-1/src/comms_basicas': PYTHONPATH=/home/robofruit/workspace/dario-backup/ejercicios-ros/ejercicio-1/build/comms_basicas/prefix_override:/usr/lib/python3/dist-packages/colcon_core/task/python/colcon_distutils_commands:/home/robofruit/workspace/dario-backup/ejercicios-ros/ejercicio-1/install/comms_basicas/lib/python3.12/site-packages:${PYTHONPATH} /usr/bin/python3 -W ignore:setup.py install is deprecated -W ignore:easy_install command is deprecated setup.py egg_info --egg-base ../../build/comms_basicas build --build-base /home/robofruit/workspace/dario-backup/ejercicios-ros/ejercicio-1/build/comms_basicas/build install --record /home/robofruit/workspace/dario-backup/ejercicios-ros/ejercicio-1/build/comms_basicas/install.log --single-version-externally-managed install_data
[2.914s] DEBUG:colcon.colcon_core.event_handler.log_command:Invoked command in '/home/robofruit/workspace/dario-backup/ejercicios-ros/ejercicio-1/src/comms_basicas' returned '0': PYTHONPATH=/home/robofruit/workspace/dario-backup/ejercicios-ros/ejercicio-1/build/comms_basicas/prefix_override:/usr/lib/python3/dist-packages/colcon_core/task/python/colcon_distutils_commands:/home/robofruit/workspace/dario-backup/ejercicios-ros/ejercicio-1/install/comms_basicas/lib/python3.12/site-packages:${PYTHONPATH} /usr/bin/python3 -W ignore:setup.py install is deprecated -W ignore:easy_install command is deprecated setup.py egg_info --egg-base ../../build/comms_basicas build --build-base /home/robofruit/workspace/dario-backup/ejercicios-ros/ejercicio-1/build/comms_basicas/build install --record /home/robofruit/workspace/dario-backup/ejercicios-ros/ejercicio-1/build/comms_basicas/install.log --single-version-externally-managed install_data
[2.924s] Level 1:colcon.colcon_core.environment:checking '/home/robofruit/workspace/dario-backup/ejercicios-ros/ejercicio-1/install/comms_basicas' for CMake module files
[2.924s] Level 1:colcon.colcon_core.environment:checking '/home/robofruit/workspace/dario-backup/ejercicios-ros/ejercicio-1/install/comms_basicas' for CMake config files
[2.925s] Level 1:colcon.colcon_core.environment:checking '/home/robofruit/workspace/dario-backup/ejercicios-ros/ejercicio-1/install/comms_basicas/lib'
[2.925s] Level 1:colcon.colcon_core.environment:checking '/home/robofruit/workspace/dario-backup/ejercicios-ros/ejercicio-1/install/comms_basicas/bin'
[2.925s] Level 1:colcon.colcon_core.environment:checking '/home/robofruit/workspace/dario-backup/ejercicios-ros/ejercicio-1/install/comms_basicas/lib/pkgconfig/comms_basicas.pc'
[2.926s] Level 1:colcon.colcon_core.environment:checking '/home/robofruit/workspace/dario-backup/ejercicios-ros/ejercicio-1/install/comms_basicas/lib/python3.12/site-packages'
[2.926s] Level 1:colcon.colcon_core.shell:create_environment_hook('comms_basicas', 'pythonpath')
[2.926s] INFO:colcon.colcon_core.shell:Creating environment hook '/home/robofruit/workspace/dario-backup/ejercicios-ros/ejercicio-1/install/comms_basicas/share/comms_basicas/hook/pythonpath.ps1'
[2.927s] INFO:colcon.colcon_core.shell:Creating environment descriptor '/home/robofruit/workspace/dario-backup/ejercicios-ros/ejercicio-1/install/comms_basicas/share/comms_basicas/hook/pythonpath.dsv'
[2.927s] INFO:colcon.colcon_core.shell:Creating environment hook '/home/robofruit/workspace/dario-backup/ejercicios-ros/ejercicio-1/install/comms_basicas/share/comms_basicas/hook/pythonpath.sh'
[2.929s] Level 1:colcon.colcon_core.environment:checking '/home/robofruit/workspace/dario-backup/ejercicios-ros/ejercicio-1/install/comms_basicas/bin'
[2.929s] Level 1:colcon.colcon_core.environment:create_environment_scripts_only(comms_basicas)
[2.929s] INFO:colcon.colcon_core.shell:Creating package script '/home/robofruit/workspace/dario-backup/ejercicios-ros/ejercicio-1/install/comms_basicas/share/comms_basicas/package.ps1'
[2.932s] INFO:colcon.colcon_core.shell:Creating package descriptor '/home/robofruit/workspace/dario-backup/ejercicios-ros/ejercicio-1/install/comms_basicas/share/comms_basicas/package.dsv'
[2.932s] INFO:colcon.colcon_core.shell:Creating package script '/home/robofruit/workspace/dario-backup/ejercicios-ros/ejercicio-1/install/comms_basicas/share/comms_basicas/package.sh'
[2.934s] INFO:colcon.colcon_core.shell:Creating package script '/home/robofruit/workspace/dario-backup/ejercicios-ros/ejercicio-1/install/comms_basicas/share/comms_basicas/package.bash'
[2.935s] INFO:colcon.colcon_core.shell:Creating package script '/home/robofruit/workspace/dario-backup/ejercicios-ros/ejercicio-1/install/comms_basicas/share/comms_basicas/package.zsh'
[2.936s] Level 1:colcon.colcon_core.environment:create_file_with_runtime_dependencies(/home/robofruit/workspace/dario-backup/ejercicios-ros/ejercicio-1/install/comms_basicas/share/colcon-core/packages/comms_basicas)
[2.936s] DEBUG:colcon.colcon_parallel_executor.executor.parallel:closing loop
[2.937s] DEBUG:colcon.colcon_parallel_executor.executor.parallel:loop closed
[2.937s] DEBUG:colcon.colcon_parallel_executor.executor.parallel:run_until_complete finished with '0'
[2.937s] DEBUG:colcon.colcon_core.event_reactor:joining thread
[2.952s] INFO:colcon.colcon_core.plugin_system:Skipping extension 'colcon_notification.desktop_notification.terminal_notifier': Not used on non-Darwin systems
[2.953s] INFO:colcon.colcon_core.plugin_system:Skipping extension 'colcon_notification.desktop_notification.win32': Not used on non-Windows systems
[2.953s] INFO:colcon.colcon_notification.desktop_notification:Sending desktop notification using 'notify2'
[3.154s] DEBUG:colcon.colcon_core.event_reactor:joined thread
[3.155s] INFO:colcon.colcon_core.shell:Creating prefix script '/home/robofruit/workspace/dario-backup/ejercicios-ros/ejercicio-1/install/local_setup.ps1'
[3.156s] INFO:colcon.colcon_core.shell:Creating prefix util module '/home/robofruit/workspace/dario-backup/ejercicios-ros/ejercicio-1/install/_local_setup_util_ps1.py'
[3.158s] INFO:colcon.colcon_core.shell:Creating prefix chain script '/home/robofruit/workspace/dario-backup/ejercicios-ros/ejercicio-1/install/setup.ps1'
[3.160s] INFO:colcon.colcon_core.shell:Creating prefix script '/home/robofruit/workspace/dario-backup/ejercicios-ros/ejercicio-1/install/local_setup.sh'
[3.165s] INFO:colcon.colcon_core.shell:Creating prefix util module '/home/robofruit/workspace/dario-backup/ejercicios-ros/ejercicio-1/install/_local_setup_util_sh.py'
[3.166s] INFO:colcon.colcon_core.shell:Creating prefix chain script '/home/robofruit/workspace/dario-backup/ejercicios-ros/ejercicio-1/install/setup.sh'
[3.170s] INFO:colcon.colcon_core.shell:Creating prefix script '/home/robofruit/workspace/dario-backup/ejercicios-ros/ejercicio-1/install/local_setup.bash'
[3.174s] INFO:colcon.colcon_core.shell:Creating prefix chain script '/home/robofruit/workspace/dario-backup/ejercicios-ros/ejercicio-1/install/setup.bash'
[3.175s] INFO:colcon.colcon_core.shell:Creating prefix script '/home/robofruit/workspace/dario-backup/ejercicios-ros/ejercicio-1/install/local_setup.zsh'
[3.176s] INFO:colcon.colcon_core.shell:Creating prefix chain script '/home/robofruit/workspace/dario-backup/ejercicios-ros/ejercicio-1/install/setup.zsh'
