[1.376s] Invoking command in '/home/robofruit/workspace/chacras_ws/src/my_package': PYTHONPATH=/home/robofruit/workspace/chacras_ws/build/my_package/prefix_override:/usr/lib/python3/dist-packages/colcon_core/task/python/colcon_distutils_commands:/home/robofruit/workspace/chacras_ws/install/my_package/lib/python3.12/site-packages:${PYTHONPATH} /usr/bin/python3 -W ignore:setup.py install is deprecated -W ignore:easy_install command is deprecated setup.py egg_info --egg-base ../../build/my_package build --build-base /home/robofruit/workspace/chacras_ws/build/my_package/build install --record /home/robofruit/workspace/chacras_ws/build/my_package/install.log --single-version-externally-managed install_data
[1.928s] running egg_info
[1.968s] writing ../../build/my_package/my_package.egg-info/PKG-INFO
[1.968s] writing dependency_links to ../../build/my_package/my_package.egg-info/dependency_links.txt
[1.969s] writing entry points to ../../build/my_package/my_package.egg-info/entry_points.txt
[1.969s] writing requirements to ../../build/my_package/my_package.egg-info/requires.txt
[1.969s] writing top-level names to ../../build/my_package/my_package.egg-info/top_level.txt
[2.039s] reading manifest file '../../build/my_package/my_package.egg-info/SOURCES.txt'
[2.043s] writing manifest file '../../build/my_package/my_package.egg-info/SOURCES.txt'
[2.044s] running build
[2.045s] running build_py
[2.046s] running install
[2.055s] running install_lib
[2.081s] running install_data
[2.081s] running install_egg_info
[2.106s] removing '/home/robofruit/workspace/chacras_ws/install/my_package/lib/python3.12/site-packages/my_package-0.0.0-py3.12.egg-info' (and everything under it)
[2.106s] Copying ../../build/my_package/my_package.egg-info to /home/robofruit/workspace/chacras_ws/install/my_package/lib/python3.12/site-packages/my_package-0.0.0-py3.12.egg-info
[2.107s] running install_scripts
[2.328s] Installing publisher script to /home/robofruit/workspace/chacras_ws/install/my_package/lib/my_package
[2.329s] Installing subscriber script to /home/robofruit/workspace/chacras_ws/install/my_package/lib/my_package
[2.330s] writing list of installed files to '/home/robofruit/workspace/chacras_ws/build/my_package/install.log'
[2.395s] Invoked command in '/home/robofruit/workspace/chacras_ws/src/my_package' returned '0': PYTHONPATH=/home/robofruit/workspace/chacras_ws/build/my_package/prefix_override:/usr/lib/python3/dist-packages/colcon_core/task/python/colcon_distutils_commands:/home/robofruit/workspace/chacras_ws/install/my_package/lib/python3.12/site-packages:${PYTHONPATH} /usr/bin/python3 -W ignore:setup.py install is deprecated -W ignore:easy_install command is deprecated setup.py egg_info --egg-base ../../build/my_package build --build-base /home/robofruit/workspace/chacras_ws/build/my_package/build install --record /home/robofruit/workspace/chacras_ws/build/my_package/install.log --single-version-externally-managed install_data
