running egg_info
creating ../../build/comms_basicas/comms_basicas.egg-info
writing ../../build/comms_basicas/comms_basicas.egg-info/PKG-INFO
writing dependency_links to ../../build/comms_basicas/comms_basicas.egg-info/dependency_links.txt
writing entry points to ../../build/comms_basicas/comms_basicas.egg-info/entry_points.txt
writing requirements to ../../build/comms_basicas/comms_basicas.egg-info/requires.txt
writing top-level names to ../../build/comms_basicas/comms_basicas.egg-info/top_level.txt
writing manifest file '../../build/comms_basicas/comms_basicas.egg-info/SOURCES.txt'
reading manifest file '../../build/comms_basicas/comms_basicas.egg-info/SOURCES.txt'
writing manifest file '../../build/comms_basicas/comms_basicas.egg-info/SOURCES.txt'
running build
running build_py
creating /home/robofruit/workspace/dario-backup/ejercicios-ros/ejercicio-1/build/comms_basicas/build
creating /home/robofruit/workspace/dario-backup/ejercicios-ros/ejercicio-1/build/comms_basicas/build/lib
creating /home/robofruit/workspace/dario-backup/ejercicios-ros/ejercicio-1/build/comms_basicas/build/lib/comms_basicas
copying comms_basicas/generador_pulsos.py -> /home/robofruit/workspace/dario-backup/ejercicios-ros/ejercicio-1/build/comms_basicas/build/lib/comms_basicas
copying comms_basicas/__init__.py -> /home/robofruit/workspace/dario-backup/ejercicios-ros/ejercicio-1/build/comms_basicas/build/lib/comms_basicas
copying comms_basicas/py.typed -> /home/robofruit/workspace/dario-backup/ejercicios-ros/ejercicio-1/build/comms_basicas/build/lib/comms_basicas
running install
running install_lib
creating /home/robofruit/workspace/dario-backup/ejercicios-ros/ejercicio-1/install/comms_basicas/lib/python3.12/site-packages/comms_basicas
copying /home/robofruit/workspace/dario-backup/ejercicios-ros/ejercicio-1/build/comms_basicas/build/lib/comms_basicas/generador_pulsos.py -> /home/robofruit/workspace/dario-backup/ejercicios-ros/ejercicio-1/install/comms_basicas/lib/python3.12/site-packages/comms_basicas
copying /home/robofruit/workspace/dario-backup/ejercicios-ros/ejercicio-1/build/comms_basicas/build/lib/comms_basicas/__init__.py -> /home/robofruit/workspace/dario-backup/ejercicios-ros/ejercicio-1/install/comms_basicas/lib/python3.12/site-packages/comms_basicas
copying /home/robofruit/workspace/dario-backup/ejercicios-ros/ejercicio-1/build/comms_basicas/build/lib/comms_basicas/py.typed -> /home/robofruit/workspace/dario-backup/ejercicios-ros/ejercicio-1/install/comms_basicas/lib/python3.12/site-packages/comms_basicas
byte-compiling /home/robofruit/workspace/dario-backup/ejercicios-ros/ejercicio-1/install/comms_basicas/lib/python3.12/site-packages/comms_basicas/generador_pulsos.py to generador_pulsos.cpython-312.pyc
byte-compiling /home/robofruit/workspace/dario-backup/ejercicios-ros/ejercicio-1/install/comms_basicas/lib/python3.12/site-packages/comms_basicas/__init__.py to __init__.cpython-312.pyc
running install_data
creating /home/robofruit/workspace/dario-backup/ejercicios-ros/ejercicio-1/install/comms_basicas/share/ament_index
creating /home/robofruit/workspace/dario-backup/ejercicios-ros/ejercicio-1/install/comms_basicas/share/ament_index/resource_index
creating /home/robofruit/workspace/dario-backup/ejercicios-ros/ejercicio-1/install/comms_basicas/share/ament_index/resource_index/packages
copying resource/comms_basicas -> /home/robofruit/workspace/dario-backup/ejercicios-ros/ejercicio-1/install/comms_basicas/share/ament_index/resource_index/packages
copying package.xml -> /home/robofruit/workspace/dario-backup/ejercicios-ros/ejercicio-1/install/comms_basicas/share/comms_basicas
running install_egg_info
Copying ../../build/comms_basicas/comms_basicas.egg-info to /home/robofruit/workspace/dario-backup/ejercicios-ros/ejercicio-1/install/comms_basicas/lib/python3.12/site-packages/comms_basicas-0.0.0-py3.12.egg-info
running install_scripts
Installing ejercicio_1 script to /home/robofruit/workspace/dario-backup/ejercicios-ros/ejercicio-1/install/comms_basicas/lib/comms_basicas
writing list of installed files to '/home/robofruit/workspace/dario-backup/ejercicios-ros/ejercicio-1/build/comms_basicas/install.log'
