[1.406s] Invoking command in '/home/robofruit/workspace/dario-backup/ejercicios-ros/ejercicio-1/src/comms_basicas': PYTHONPATH=/home/robofruit/workspace/dario-backup/ejercicios-ros/ejercicio-1/build/comms_basicas/prefix_override:/usr/lib/python3/dist-packages/colcon_core/task/python/colcon_distutils_commands:/home/robofruit/workspace/dario-backup/ejercicios-ros/ejercicio-1/install/comms_basicas/lib/python3.12/site-packages:${PYTHONPATH} /usr/bin/python3 -W ignore:setup.py install is deprecated -W ignore:easy_install command is deprecated setup.py egg_info --egg-base ../../build/comms_basicas build --build-base /home/robofruit/workspace/dario-backup/ejercicios-ros/ejercicio-1/build/comms_basicas/build install --record /home/robofruit/workspace/dario-backup/ejercicios-ros/ejercicio-1/build/comms_basicas/install.log --single-version-externally-managed install_data
[1.748s] running egg_info
[1.749s] creating ../../build/comms_basicas/comms_basicas.egg-info
[1.774s] writing ../../build/comms_basicas/comms_basicas.egg-info/PKG-INFO
[1.775s] writing dependency_links to ../../build/comms_basicas/comms_basicas.egg-info/dependency_links.txt
[1.775s] writing entry points to ../../build/comms_basicas/comms_basicas.egg-info/entry_points.txt
[1.775s] writing requirements to ../../build/comms_basicas/comms_basicas.egg-info/requires.txt
[1.775s] writing top-level names to ../../build/comms_basicas/comms_basicas.egg-info/top_level.txt
[1.775s] writing manifest file '../../build/comms_basicas/comms_basicas.egg-info/SOURCES.txt'
[1.829s] reading manifest file '../../build/comms_basicas/comms_basicas.egg-info/SOURCES.txt'
[1.830s] writing manifest file '../../build/comms_basicas/comms_basicas.egg-info/SOURCES.txt'
[1.831s] running build
[1.831s] running build_py
[1.831s] creating /home/robofruit/workspace/dario-backup/ejercicios-ros/ejercicio-1/build/comms_basicas/build
[1.831s] creating /home/robofruit/workspace/dario-backup/ejercicios-ros/ejercicio-1/build/comms_basicas/build/lib
[1.831s] creating /home/robofruit/workspace/dario-backup/ejercicios-ros/ejercicio-1/build/comms_basicas/build/lib/comms_basicas
[1.832s] copying comms_basicas/generador_pulsos.py -> /home/robofruit/workspace/dario-backup/ejercicios-ros/ejercicio-1/build/comms_basicas/build/lib/comms_basicas
[1.832s] copying comms_basicas/__init__.py -> /home/robofruit/workspace/dario-backup/ejercicios-ros/ejercicio-1/build/comms_basicas/build/lib/comms_basicas
[1.832s] copying comms_basicas/py.typed -> /home/robofruit/workspace/dario-backup/ejercicios-ros/ejercicio-1/build/comms_basicas/build/lib/comms_basicas
[1.832s] running install
[1.841s] running install_lib
[1.867s] creating /home/robofruit/workspace/dario-backup/ejercicios-ros/ejercicio-1/install/comms_basicas/lib/python3.12/site-packages/comms_basicas
[1.867s] copying /home/robofruit/workspace/dario-backup/ejercicios-ros/ejercicio-1/build/comms_basicas/build/lib/comms_basicas/generador_pulsos.py -> /home/robofruit/workspace/dario-backup/ejercicios-ros/ejercicio-1/install/comms_basicas/lib/python3.12/site-packages/comms_basicas
[1.868s] copying /home/robofruit/workspace/dario-backup/ejercicios-ros/ejercicio-1/build/comms_basicas/build/lib/comms_basicas/__init__.py -> /home/robofruit/workspace/dario-backup/ejercicios-ros/ejercicio-1/install/comms_basicas/lib/python3.12/site-packages/comms_basicas
[1.868s] copying /home/robofruit/workspace/dario-backup/ejercicios-ros/ejercicio-1/build/comms_basicas/build/lib/comms_basicas/py.typed -> /home/robofruit/workspace/dario-backup/ejercicios-ros/ejercicio-1/install/comms_basicas/lib/python3.12/site-packages/comms_basicas
[1.868s] byte-compiling /home/robofruit/workspace/dario-backup/ejercicios-ros/ejercicio-1/install/comms_basicas/lib/python3.12/site-packages/comms_basicas/generador_pulsos.py to generador_pulsos.cpython-312.pyc
[1.869s] byte-compiling /home/robofruit/workspace/dario-backup/ejercicios-ros/ejercicio-1/install/comms_basicas/lib/python3.12/site-packages/comms_basicas/__init__.py to __init__.cpython-312.pyc
[1.869s] running install_data
[1.870s] creating /home/robofruit/workspace/dario-backup/ejercicios-ros/ejercicio-1/install/comms_basicas/share/ament_index
[1.870s] creating /home/robofruit/workspace/dario-backup/ejercicios-ros/ejercicio-1/install/comms_basicas/share/ament_index/resource_index
[1.870s] creating /home/robofruit/workspace/dario-backup/ejercicios-ros/ejercicio-1/install/comms_basicas/share/ament_index/resource_index/packages
[1.870s] copying resource/comms_basicas -> /home/robofruit/workspace/dario-backup/ejercicios-ros/ejercicio-1/install/comms_basicas/share/ament_index/resource_index/packages
[1.871s] copying package.xml -> /home/robofruit/workspace/dario-backup/ejercicios-ros/ejercicio-1/install/comms_basicas/share/comms_basicas
[1.871s] running install_egg_info
[1.897s] Copying ../../build/comms_basicas/comms_basicas.egg-info to /home/robofruit/workspace/dario-backup/ejercicios-ros/ejercicio-1/install/comms_basicas/lib/python3.12/site-packages/comms_basicas-0.0.0-py3.12.egg-info
[1.898s] running install_scripts
[2.071s] Installing ejercicio_1 script to /home/robofruit/workspace/dario-backup/ejercicios-ros/ejercicio-1/install/comms_basicas/lib/comms_basicas
[2.072s] writing list of installed files to '/home/robofruit/workspace/dario-backup/ejercicios-ros/ejercicio-1/build/comms_basicas/install.log'
[2.117s] Invoked command in '/home/robofruit/workspace/dario-backup/ejercicios-ros/ejercicio-1/src/comms_basicas' returned '0': PYTHONPATH=/home/robofruit/workspace/dario-backup/ejercicios-ros/ejercicio-1/build/comms_basicas/prefix_override:/usr/lib/python3/dist-packages/colcon_core/task/python/colcon_distutils_commands:/home/robofruit/workspace/dario-backup/ejercicios-ros/ejercicio-1/install/comms_basicas/lib/python3.12/site-packages:${PYTHONPATH} /usr/bin/python3 -W ignore:setup.py install is deprecated -W ignore:easy_install command is deprecated setup.py egg_info --egg-base ../../build/comms_basicas build --build-base /home/robofruit/workspace/dario-backup/ejercicios-ros/ejercicio-1/build/comms_basicas/build install --record /home/robofruit/workspace/dario-backup/ejercicios-ros/ejercicio-1/build/comms_basicas/install.log --single-version-externally-managed install_data
