[0.062s] Invoking command in '/home/robofruit/workspace/modbus_ws/build/modbus_demo': CMAKE_PREFIX_PATH=${CMAKE_PREFIX_PATH}:/opt/ros/kilted /usr/bin/cmake /home/robofruit/workspace/modbus_ws/src/modbus_demo -DCMAKE_INSTALL_PREFIX=/home/robofruit/workspace/modbus_ws/install/modbus_demo
[0.407s] -- The C compiler identification is GNU 13.3.0
[0.722s] -- The CXX compiler identification is GNU 13.3.0
[0.821s] -- Detecting C compiler ABI info
[1.259s] -- Detecting C compiler ABI info - done
[1.281s] -- Check for working C compiler: /usr/bin/cc - skipped
[1.282s] -- Detecting C compile features
[1.283s] -- Detecting C compile features - done
[1.320s] -- Detecting CXX compiler ABI info
[1.815s] -- Detecting CXX compiler ABI info - done
[1.841s] -- Check for working CXX compiler: /usr/bin/c++ - skipped
[1.844s] -- Detecting CXX compile features
[1.846s] -- Detecting CXX compile features - done
[1.859s] -- Found ament_cmake: 2.7.3 (/opt/ros/kilted/share/ament_cmake/cmake)
[2.610s] -- Found Python3: /usr/bin/python3 (found version "3.12.3") found components: Interpreter 
[3.147s] -- Found rclpy: 9.1.1 (/opt/ros/kilted/share/rclpy/cmake)
[3.150s] -- Found rosidl_default_generators: 1.7.1 (/opt/ros/kilted/share/rosidl_default_generators/cmake)
[3.166s] -- Using all available rosidl_typesupport_c: rosidl_typesupport_fastrtps_c;rosidl_typesupport_introspection_c
[3.325s] -- Using all available rosidl_typesupport_cpp: rosidl_typesupport_fastrtps_cpp;rosidl_typesupport_introspection_cpp
[3.454s] -- Found rosidl_adapter: 4.9.5 (/opt/ros/kilted/share/rosidl_adapter/cmake)
[7.334s] -- Found ament_cmake_ros_core: 0.14.3 (/opt/ros/kilted/share/ament_cmake_ros_core/cmake)
[9.704s] -- Using all available rosidl_typesupport_c: rosidl_typesupport_fastrtps_c;rosidl_typesupport_introspection_c
[13.045s] -- Using all available rosidl_typesupport_cpp: rosidl_typesupport_fastrtps_cpp;rosidl_typesupport_introspection_cpp
[16.152s] -- Found Python3: /usr/bin/python3 (found version "3.12.3") found components: Interpreter Development NumPy Development.Module Development.Embed 
[16.379s] [31mCMake Error at /opt/ros/kilted/share/ament_cmake_python/cmake/ament_python_install_package.cmake:122 (add_custom_target):
[16.380s]   add_custom_target cannot create target
[16.381s]   "ament_cmake_python_copy_modbus_demo" because another target with the same
[16.381s]   name already exists.  The existing target is a custom target created in
[16.382s]   source directory "/home/robofruit/workspace/modbus_ws/src/modbus_demo".
[16.383s]   See documentation for policy CMP0002 for more details.
[16.383s] Call Stack (most recent call first):
[16.384s]   /opt/ros/kilted/share/ament_cmake_python/cmake/ament_python_install_package.cmake:39 (_ament_cmake_python_install_package)
[16.384s]   CMakeLists.txt:21 (ament_python_install_package)
[16.384s] 
[16.384s] [0m
[16.385s] [31mCMake Error at /opt/ros/kilted/share/ament_cmake_python/cmake/ament_python_install_package.cmake:144 (add_custom_target):
[16.385s]   add_custom_target cannot create target
[16.385s]   "ament_cmake_python_build_modbus_demo_egg" because another target with the
[16.386s]   same name already exists.  The existing target is a custom target created
[16.386s]   in source directory "/home/robofruit/workspace/modbus_ws/src/modbus_demo".
[16.386s]   See documentation for policy CMP0002 for more details.
[16.386s] Call Stack (most recent call first):
[16.387s]   /opt/ros/kilted/share/ament_cmake_python/cmake/ament_python_install_package.cmake:39 (_ament_cmake_python_install_package)
[16.387s]   CMakeLists.txt:21 (ament_python_install_package)
[16.387s] 
[16.387s] [0m
[16.387s] -- Found ament_lint_auto: 0.19.2 (/opt/ros/kilted/share/ament_lint_auto/cmake)
[16.444s] -- Added test 'copyright' to check source files copyright and LICENSE
[16.454s] -- Added test 'flake8' to check Python code syntax and style conventions
[16.454s] -- Configured 'flake8' exclude dirs and/or files: 
[16.459s] -- Added test 'lint_cmake' to check CMake code style
[16.462s] -- Added test 'pep257' to check Python code against some of the docstring style conventions in PEP 257
[16.471s] -- Added test 'xmllint' to check XML markup files
[16.482s] -- Configuring incomplete, errors occurred!
[16.540s] Invoked command in '/home/robofruit/workspace/modbus_ws/build/modbus_demo' returned '1': CMAKE_PREFIX_PATH=${CMAKE_PREFIX_PATH}:/opt/ros/kilted /usr/bin/cmake /home/robofruit/workspace/modbus_ws/src/modbus_demo -DCMAKE_INSTALL_PREFIX=/home/robofruit/workspace/modbus_ws/install/modbus_demo
