[0.601s] DEBUG:colcon:Command line arguments: ['/usr/bin/colcon', 'list', '-p', '--base-paths', '/home/robofruit/workspace/chacras_ws']
[0.604s] DEBUG:colcon:Parsed command line arguments: Namespace(log_base=None, log_level=None, verb_name='list', build_base='build', ignore_user_meta=False, metas=['./colcon.meta'], base_paths=['/home/robofruit/workspace/chacras_ws'], packages_ignore=None, packages_ignore_regex=None, paths=None, packages_up_to=None, packages_up_to_regex=None, packages_above=None, packages_above_and_dependencies=None, packages_above_depth=None, packages_select_by_dep=None, packages_skip_by_dep=None, packages_skip_up_to=None, packages_select_build_failed=False, packages_skip_build_finished=False, packages_select_test_failures=False, packages_skip_test_passed=False, packages_select=None, packages_skip=None, packages_select_regex=None, packages_skip_regex=None, packages_start=None, packages_end=None, allow_overriding=[], topological_order=False, names_only=False, paths_only=True, topological_graph=False, topological_graph_dot=False, topological_graph_density=False, topological_graph_legend=False, topological_graph_dot_cluster=False, topological_graph_dot_include_skipped=False, mixin_files=None, mixin=None, verb_parser=<colcon_mixin.mixin.mixin_argument.MixinArgumentDecorator object at 0x7adaf10a9280>, verb_extension=<colcon_package_information.verb.list.ListVerb object at 0x7adaf11df860>, main=<bound method ListVerb.main of <colcon_package_information.verb.list.ListVerb object at 0x7adaf11df860>>, mixin_verb=('list',))
[0.721s] Level 1:colcon.colcon_core.package_discovery:discover_packages(colcon_meta) check parameters
[0.722s] Level 1:colcon.colcon_core.package_discovery:discover_packages(recursive) check parameters
[0.722s] Level 1:colcon.colcon_core.package_discovery:discover_packages(ignore) check parameters
[0.722s] Level 1:colcon.colcon_core.package_discovery:discover_packages(path) check parameters
[0.722s] Level 1:colcon.colcon_core.package_discovery:discover_packages(recursive) discover
[0.722s] INFO:colcon.colcon_core.package_discovery:Crawling recursively for packages in '/home/robofruit/workspace/chacras_ws'
[0.722s] Level 1:colcon.colcon_core.package_identification:_identify(/home/robofruit/workspace/chacras_ws) by extensions ['ignore', 'ignore_ament_install']
[0.722s] Level 1:colcon.colcon_core.package_identification:_identify(/home/robofruit/workspace/chacras_ws) by extension 'ignore'
[0.723s] Level 1:colcon.colcon_core.package_identification:_identify(/home/robofruit/workspace/chacras_ws) by extension 'ignore_ament_install'
[0.723s] Level 1:colcon.colcon_core.package_identification:_identify(/home/robofruit/workspace/chacras_ws) by extensions ['colcon_pkg']
[0.723s] Level 1:colcon.colcon_core.package_identification:_identify(/home/robofruit/workspace/chacras_ws) by extension 'colcon_pkg'
[0.723s] Level 1:colcon.colcon_core.package_identification:_identify(/home/robofruit/workspace/chacras_ws) by extensions ['colcon_meta']
[0.723s] Level 1:colcon.colcon_core.package_identification:_identify(/home/robofruit/workspace/chacras_ws) by extension 'colcon_meta'
[0.723s] Level 1:colcon.colcon_core.package_identification:_identify(/home/robofruit/workspace/chacras_ws) by extensions ['ros']
[0.726s] Level 1:colcon.colcon_core.package_identification:_identify(/home/robofruit/workspace/chacras_ws) by extension 'ros'
[0.943s] Level 1:colcon.colcon_core.package_identification:_identify(/home/robofruit/workspace/chacras_ws) by extensions ['cmake', 'python']
[0.943s] Level 1:colcon.colcon_core.package_identification:_identify(/home/robofruit/workspace/chacras_ws) by extension 'cmake'
[0.943s] Level 1:colcon.colcon_core.package_identification:_identify(/home/robofruit/workspace/chacras_ws) by extension 'python'
[0.943s] Level 1:colcon.colcon_core.package_identification:_identify(/home/robofruit/workspace/chacras_ws) by extensions ['python_setup_py']
[0.943s] Level 1:colcon.colcon_core.package_identification:_identify(/home/robofruit/workspace/chacras_ws) by extension 'python_setup_py'
[0.944s] Level 1:colcon.colcon_core.package_identification:_identify(/home/robofruit/workspace/chacras_ws/log) by extensions ['ignore', 'ignore_ament_install']
[0.944s] Level 1:colcon.colcon_core.package_identification:_identify(/home/robofruit/workspace/chacras_ws/log) by extension 'ignore'
[0.944s] Level 1:colcon.colcon_core.package_identification:_identify(/home/robofruit/workspace/chacras_ws/log) ignored
[0.945s] Level 1:colcon.colcon_core.package_identification:_identify(/home/robofruit/workspace/chacras_ws/src) by extensions ['ignore', 'ignore_ament_install']
[0.947s] Level 1:colcon.colcon_core.package_identification:_identify(/home/robofruit/workspace/chacras_ws/src) by extension 'ignore'
[0.948s] Level 1:colcon.colcon_core.package_identification:_identify(/home/robofruit/workspace/chacras_ws/src) by extension 'ignore_ament_install'
[0.952s] Level 1:colcon.colcon_core.package_identification:_identify(/home/robofruit/workspace/chacras_ws/src) by extensions ['colcon_pkg']
[0.953s] Level 1:colcon.colcon_core.package_identification:_identify(/home/robofruit/workspace/chacras_ws/src) by extension 'colcon_pkg'
[0.956s] Level 1:colcon.colcon_core.package_identification:_identify(/home/robofruit/workspace/chacras_ws/src) by extensions ['colcon_meta']
[0.956s] Level 1:colcon.colcon_core.package_identification:_identify(/home/robofruit/workspace/chacras_ws/src) by extension 'colcon_meta'
[0.956s] Level 1:colcon.colcon_core.package_identification:_identify(/home/robofruit/workspace/chacras_ws/src) by extensions ['ros']
[0.957s] Level 1:colcon.colcon_core.package_identification:_identify(/home/robofruit/workspace/chacras_ws/src) by extension 'ros'
[0.957s] Level 1:colcon.colcon_core.package_identification:_identify(/home/robofruit/workspace/chacras_ws/src) by extensions ['cmake', 'python']
[0.957s] Level 1:colcon.colcon_core.package_identification:_identify(/home/robofruit/workspace/chacras_ws/src) by extension 'cmake'
[0.957s] Level 1:colcon.colcon_core.package_identification:_identify(/home/robofruit/workspace/chacras_ws/src) by extension 'python'
[0.957s] Level 1:colcon.colcon_core.package_identification:_identify(/home/robofruit/workspace/chacras_ws/src) by extensions ['python_setup_py']
[0.957s] Level 1:colcon.colcon_core.package_identification:_identify(/home/robofruit/workspace/chacras_ws/src) by extension 'python_setup_py'
[0.961s] Level 1:colcon.colcon_core.package_identification:_identify(/home/robofruit/workspace/chacras_ws/src/build) by extensions ['ignore', 'ignore_ament_install']
[0.961s] Level 1:colcon.colcon_core.package_identification:_identify(/home/robofruit/workspace/chacras_ws/src/build) by extension 'ignore'
[0.962s] Level 1:colcon.colcon_core.package_identification:_identify(/home/robofruit/workspace/chacras_ws/src/build) ignored
[0.966s] Level 1:colcon.colcon_core.package_identification:_identify(/home/robofruit/workspace/chacras_ws/src/install) by extensions ['ignore', 'ignore_ament_install']
[0.966s] Level 1:colcon.colcon_core.package_identification:_identify(/home/robofruit/workspace/chacras_ws/src/install) by extension 'ignore'
[0.967s] Level 1:colcon.colcon_core.package_identification:_identify(/home/robofruit/workspace/chacras_ws/src/install) ignored
[0.968s] Level 1:colcon.colcon_core.package_identification:_identify(/home/robofruit/workspace/chacras_ws/src/log) by extensions ['ignore', 'ignore_ament_install']
[0.970s] Level 1:colcon.colcon_core.package_identification:_identify(/home/robofruit/workspace/chacras_ws/src/log) by extension 'ignore'
[0.971s] Level 1:colcon.colcon_core.package_identification:_identify(/home/robofruit/workspace/chacras_ws/src/log) ignored
[0.972s] Level 1:colcon.colcon_core.package_identification:_identify(/home/robofruit/workspace/chacras_ws/src/my_package) by extensions ['ignore', 'ignore_ament_install']
[0.972s] Level 1:colcon.colcon_core.package_identification:_identify(/home/robofruit/workspace/chacras_ws/src/my_package) by extension 'ignore'
[0.973s] Level 1:colcon.colcon_core.package_identification:_identify(/home/robofruit/workspace/chacras_ws/src/my_package) by extension 'ignore_ament_install'
[0.973s] Level 1:colcon.colcon_core.package_identification:_identify(/home/robofruit/workspace/chacras_ws/src/my_package) by extensions ['colcon_pkg']
[0.973s] Level 1:colcon.colcon_core.package_identification:_identify(/home/robofruit/workspace/chacras_ws/src/my_package) by extension 'colcon_pkg'
[0.973s] Level 1:colcon.colcon_core.package_identification:_identify(/home/robofruit/workspace/chacras_ws/src/my_package) by extensions ['colcon_meta']
[0.973s] Level 1:colcon.colcon_core.package_identification:_identify(/home/robofruit/workspace/chacras_ws/src/my_package) by extension 'colcon_meta'
[0.974s] Level 1:colcon.colcon_core.package_identification:_identify(/home/robofruit/workspace/chacras_ws/src/my_package) by extensions ['ros']
[0.974s] Level 1:colcon.colcon_core.package_identification:_identify(/home/robofruit/workspace/chacras_ws/src/my_package) by extension 'ros'
[0.999s] DEBUG:colcon.colcon_core.package_identification:Package '/home/robofruit/workspace/chacras_ws/src/my_package' with type 'ros.ament_python' and name 'my_package'
[1.000s] Level 1:colcon.colcon_core.package_discovery:discover_packages(recursive) using defaults
