-- Found ament_cmake: 2.7.3 (/opt/ros/kilted/share/ament_cmake/cmake)
-- Found Python3: /usr/bin/python3 (found version "3.12.3") found components: Interpreter 
-- Found rosidl_default_generators: 1.7.1 (/opt/ros/kilted/share/rosidl_default_generators/cmake)
-- Using all available rosidl_typesupport_c: rosidl_typesupport_fastrtps_c;rosidl_typesupport_introspection_c
-- Using all available rosidl_typesupport_cpp: rosidl_typesupport_fastrtps_cpp;rosidl_typesupport_introspection_cpp
-- Found rosidl_adapter: 4.9.5 (/opt/ros/kilted/share/rosidl_adapter/cmake)
-- Found ament_cmake_ros_core: 0.14.3 (/opt/ros/kilted/share/ament_cmake_ros_core/cmake)
-- Using all available rosidl_typesupport_c: rosidl_typesupport_fastrtps_c;rosidl_typesupport_introspection_c
-- Using all available rosidl_typesupport_cpp: rosidl_typesupport_fastrtps_cpp;rosidl_typesupport_introspection_cpp
-- Found Python3: /usr/bin/python3 (found version "3.12.3") found components: Interpreter Development NumPy Development.Module Development.Embed 
-- Found ament_lint_auto: 0.19.2 (/opt/ros/kilted/share/ament_lint_auto/cmake)
-- Added test 'copyright' to check source files copyright and LICENSE
-- Added test 'flake8' to check Python code syntax and style conventions
-- Configured 'flake8' exclude dirs and/or files: 
-- Added test 'lint_cmake' to check CMake code style
-- Added test 'pep257' to check Python code against some of the docstring style conventions in PEP 257
-- Added test 'xmllint' to check XML markup files
-- Configuring done (5.8s)
-- Generating done (0.2s)
-- Build files have been written to: /home/robofruit/workspace/modbus_ws/build/modbus_demo
[  2%] [34m[1mGenerating type hashes for ROS interfaces[0m
[  2%] Built target modbus_demo__rosidl_generator_type_description
[  2%] Built target ament_cmake_python_copy_modbus_demo
[  4%] [34m[1mGenerating C++ code for ROS interfaces[0m
[  4%] Built target modbus_demo__cpp
running egg_info
creating modbus_demo.egg-info
writing modbus_demo.egg-info/PKG-INFO
writing dependency_links to modbus_demo.egg-info/dependency_links.txt
writing top-level names to modbus_demo.egg-info/top_level.txt
writing manifest file 'modbus_demo.egg-info/SOURCES.txt'
reading manifest file 'modbus_demo.egg-info/SOURCES.txt'
writing manifest file 'modbus_demo.egg-info/SOURCES.txt'
[  4%] Built target ament_cmake_python_build_modbus_demo_egg
[  6%] [34m[1mGenerating C code for ROS interfaces[0m
[  9%] [32mBuilding C object CMakeFiles/modbus_demo__rosidl_generator_c.dir/rosidl_generator_c/modbus_demo/srv/detail/read_register__description.c.o[0m
[ 11%] [32mBuilding C object CMakeFiles/modbus_demo__rosidl_generator_c.dir/rosidl_generator_c/modbus_demo/srv/detail/write_register__description.c.o[0m
[ 13%] [32mBuilding C object CMakeFiles/modbus_demo__rosidl_generator_c.dir/rosidl_generator_c/modbus_demo/srv/detail/write_register__functions.c.o[0m
[ 15%] [32mBuilding C object CMakeFiles/modbus_demo__rosidl_generator_c.dir/rosidl_generator_c/modbus_demo/srv/detail/write_register__type_support.c.o[0m
[ 18%] [32mBuilding C object CMakeFiles/modbus_demo__rosidl_generator_c.dir/rosidl_generator_c/modbus_demo/srv/detail/read_register__type_support.c.o[0m
[ 20%] [32mBuilding C object CMakeFiles/modbus_demo__rosidl_generator_c.dir/rosidl_generator_c/modbus_demo/srv/detail/read_register__functions.c.o[0m
[ 22%] [32m[1mLinking C shared library libmodbus_demo__rosidl_generator_c.so[0m
[ 22%] Built target modbus_demo__rosidl_generator_c
[ 25%] [34m[1mGenerating C type support for eProsima Fast-RTPS[0m
[ 27%] [32mBuilding CXX object CMakeFiles/modbus_demo__rosidl_typesupport_fastrtps_c.dir/rosidl_typesupport_fastrtps_c/modbus_demo/srv/detail/read_register__type_support_c.cpp.o[0m
[ 29%] [32mBuilding CXX object CMakeFiles/modbus_demo__rosidl_typesupport_fastrtps_c.dir/rosidl_typesupport_fastrtps_c/modbus_demo/srv/detail/write_register__type_support_c.cpp.o[0m
[ 31%] [32m[1mLinking CXX shared library libmodbus_demo__rosidl_typesupport_fastrtps_c.so[0m
[ 31%] Built target modbus_demo__rosidl_typesupport_fastrtps_c
[ 34%] [34m[1mGenerating C++ type support for eProsima Fast-RTPS[0m
[ 36%] [32mBuilding CXX object CMakeFiles/modbus_demo__rosidl_typesupport_fastrtps_cpp.dir/rosidl_typesupport_fastrtps_cpp/modbus_demo/srv/detail/dds_fastrtps/read_register__type_support.cpp.o[0m
[ 38%] [32mBuilding CXX object CMakeFiles/modbus_demo__rosidl_typesupport_fastrtps_cpp.dir/rosidl_typesupport_fastrtps_cpp/modbus_demo/srv/detail/dds_fastrtps/write_register__type_support.cpp.o[0m
[ 40%] [32m[1mLinking CXX shared library libmodbus_demo__rosidl_typesupport_fastrtps_cpp.so[0m
[ 40%] Built target modbus_demo__rosidl_typesupport_fastrtps_cpp
[ 43%] [34m[1mGenerating C++ introspection for ROS interfaces[0m
[ 45%] [32mBuilding CXX object CMakeFiles/modbus_demo__rosidl_typesupport_introspection_cpp.dir/rosidl_typesupport_introspection_cpp/modbus_demo/srv/detail/read_register__type_support.cpp.o[0m
[ 47%] [32mBuilding CXX object CMakeFiles/modbus_demo__rosidl_typesupport_introspection_cpp.dir/rosidl_typesupport_introspection_cpp/modbus_demo/srv/detail/write_register__type_support.cpp.o[0m
[ 50%] [32m[1mLinking CXX shared library libmodbus_demo__rosidl_typesupport_introspection_cpp.so[0m
[ 50%] Built target modbus_demo__rosidl_typesupport_introspection_cpp
[ 52%] [34m[1mGenerating C++ type support dispatch for ROS interfaces[0m
[ 54%] [32mBuilding CXX object CMakeFiles/modbus_demo__rosidl_typesupport_cpp.dir/rosidl_typesupport_cpp/modbus_demo/srv/read_register__type_support.cpp.o[0m
[ 56%] [32mBuilding CXX object CMakeFiles/modbus_demo__rosidl_typesupport_cpp.dir/rosidl_typesupport_cpp/modbus_demo/srv/write_register__type_support.cpp.o[0m
[ 59%] [32m[1mLinking CXX shared library libmodbus_demo__rosidl_typesupport_cpp.so[0m
[ 59%] Built target modbus_demo__rosidl_typesupport_cpp
[ 61%] [34m[1mGenerating C type support dispatch for ROS interfaces[0m
