[0.071s] Invoking command in '/home/robofruit/workspace/modbus_ws/build/modbus_demo': CMAKE_PREFIX_PATH=${CMAKE_PREFIX_PATH}:/opt/ros/kilted /usr/bin/cmake /home/robofruit/workspace/modbus_ws/src/modbus_demo -DCMAKE_INSTALL_PREFIX=/home/robofruit/workspace/modbus_ws/install/modbus_demo
[0.129s] -- Found ament_cmake: 2.7.3 (/opt/ros/kilted/share/ament_cmake/cmake)
[0.288s] -- Found Python3: /usr/bin/python3 (found version "3.12.3") found components: Interpreter 
[1.007s] -- Found rosidl_default_generators: 1.7.1 (/opt/ros/kilted/share/rosidl_default_generators/cmake)
[1.037s] -- Using all available rosidl_typesupport_c: rosidl_typesupport_fastrtps_c;rosidl_typesupport_introspection_c
[1.235s] -- Using all available rosidl_typesupport_cpp: rosidl_typesupport_fastrtps_cpp;rosidl_typesupport_introspection_cpp
[1.364s] -- Found rosidl_adapter: 4.9.5 (/opt/ros/kilted/share/rosidl_adapter/cmake)
[3.037s] -- Found ament_cmake_ros_core: 0.14.3 (/opt/ros/kilted/share/ament_cmake_ros_core/cmake)
[3.519s] -- Using all available rosidl_typesupport_c: rosidl_typesupport_fastrtps_c;rosidl_typesupport_introspection_c
[4.181s] -- Using all available rosidl_typesupport_cpp: rosidl_typesupport_fastrtps_cpp;rosidl_typesupport_introspection_cpp
[5.782s] -- Found Python3: /usr/bin/python3 (found version "3.12.3") found components: Interpreter Development NumPy Development.Module Development.Embed 
[5.836s] -- Found ament_lint_auto: 0.19.2 (/opt/ros/kilted/share/ament_lint_auto/cmake)
[5.888s] -- Added test 'copyright' to check source files copyright and LICENSE
[5.898s] -- Added test 'flake8' to check Python code syntax and style conventions
[5.899s] -- Configured 'flake8' exclude dirs and/or files: 
[5.902s] -- Added test 'lint_cmake' to check CMake code style
[5.905s] -- Added test 'pep257' to check Python code against some of the docstring style conventions in PEP 257
[5.912s] -- Added test 'xmllint' to check XML markup files
[5.923s] -- Configuring done (5.8s)
[6.131s] -- Generating done (0.2s)
[6.175s] -- Build files have been written to: /home/robofruit/workspace/modbus_ws/build/modbus_demo
[6.233s] Invoked command in '/home/robofruit/workspace/modbus_ws/build/modbus_demo' returned '0': CMAKE_PREFIX_PATH=${CMAKE_PREFIX_PATH}:/opt/ros/kilted /usr/bin/cmake /home/robofruit/workspace/modbus_ws/src/modbus_demo -DCMAKE_INSTALL_PREFIX=/home/robofruit/workspace/modbus_ws/install/modbus_demo
[6.239s] Invoking command in '/home/robofruit/workspace/modbus_ws/build/modbus_demo': CMAKE_PREFIX_PATH=${CMAKE_PREFIX_PATH}:/opt/ros/kilted /usr/bin/cmake --build /home/robofruit/workspace/modbus_ws/build/modbus_demo -- -j4 -l4
[6.582s] [  2%] [34m[1mGenerating type hashes for ROS interfaces[0m
[8.053s] [  2%] Built target modbus_demo__rosidl_generator_type_description
[8.262s] [  2%] Built target ament_cmake_python_copy_modbus_demo
[8.359s] [  4%] [34m[1mGenerating C++ code for ROS interfaces[0m
[10.404s] [  4%] Built target modbus_demo__cpp
[11.496s] running egg_info
[11.502s] creating modbus_demo.egg-info
[11.600s] writing modbus_demo.egg-info/PKG-INFO
[11.603s] writing dependency_links to modbus_demo.egg-info/dependency_links.txt
[11.604s] writing top-level names to modbus_demo.egg-info/top_level.txt
[11.604s] writing manifest file 'modbus_demo.egg-info/SOURCES.txt'
[11.904s] reading manifest file 'modbus_demo.egg-info/SOURCES.txt'
[11.908s] writing manifest file 'modbus_demo.egg-info/SOURCES.txt'
[12.190s] [  4%] Built target ament_cmake_python_build_modbus_demo_egg
[12.247s] [  6%] [34m[1mGenerating C code for ROS interfaces[0m
[14.604s] [  9%] [32mBuilding C object CMakeFiles/modbus_demo__rosidl_generator_c.dir/rosidl_generator_c/modbus_demo/srv/detail/read_register__description.c.o[0m
[15.179s] [ 11%] [32mBuilding C object CMakeFiles/modbus_demo__rosidl_generator_c.dir/rosidl_generator_c/modbus_demo/srv/detail/write_register__description.c.o[0m
[15.404s] [ 13%] [32mBuilding C object CMakeFiles/modbus_demo__rosidl_generator_c.dir/rosidl_generator_c/modbus_demo/srv/detail/write_register__functions.c.o[0m
[15.720s] [ 15%] [32mBuilding C object CMakeFiles/modbus_demo__rosidl_generator_c.dir/rosidl_generator_c/modbus_demo/srv/detail/write_register__type_support.c.o[0m
[15.864s] [ 18%] [32mBuilding C object CMakeFiles/modbus_demo__rosidl_generator_c.dir/rosidl_generator_c/modbus_demo/srv/detail/read_register__type_support.c.o[0m
[16.025s] [ 20%] [32mBuilding C object CMakeFiles/modbus_demo__rosidl_generator_c.dir/rosidl_generator_c/modbus_demo/srv/detail/read_register__functions.c.o[0m
[16.389s] [ 22%] [32m[1mLinking C shared library libmodbus_demo__rosidl_generator_c.so[0m
[16.630s] [ 22%] Built target modbus_demo__rosidl_generator_c
[16.658s] [ 25%] [34m[1mGenerating C type support for eProsima Fast-RTPS[0m
[18.606s] [ 27%] [32mBuilding CXX object CMakeFiles/modbus_demo__rosidl_typesupport_fastrtps_c.dir/rosidl_typesupport_fastrtps_c/modbus_demo/srv/detail/read_register__type_support_c.cpp.o[0m
[21.752s] [ 29%] [32mBuilding CXX object CMakeFiles/modbus_demo__rosidl_typesupport_fastrtps_c.dir/rosidl_typesupport_fastrtps_c/modbus_demo/srv/detail/write_register__type_support_c.cpp.o[0m
[24.850s] [ 31%] [32m[1mLinking CXX shared library libmodbus_demo__rosidl_typesupport_fastrtps_c.so[0m
[25.178s] [ 31%] Built target modbus_demo__rosidl_typesupport_fastrtps_c
[25.251s] [ 34%] [34m[1mGenerating C++ type support for eProsima Fast-RTPS[0m
[27.107s] [ 36%] [32mBuilding CXX object CMakeFiles/modbus_demo__rosidl_typesupport_fastrtps_cpp.dir/rosidl_typesupport_fastrtps_cpp/modbus_demo/srv/detail/dds_fastrtps/read_register__type_support.cpp.o[0m
[31.310s] [ 38%] [32mBuilding CXX object CMakeFiles/modbus_demo__rosidl_typesupport_fastrtps_cpp.dir/rosidl_typesupport_fastrtps_cpp/modbus_demo/srv/detail/dds_fastrtps/write_register__type_support.cpp.o[0m
[34.879s] [ 40%] [32m[1mLinking CXX shared library libmodbus_demo__rosidl_typesupport_fastrtps_cpp.so[0m
[35.329s] [ 40%] Built target modbus_demo__rosidl_typesupport_fastrtps_cpp
[35.407s] [ 43%] [34m[1mGenerating C++ introspection for ROS interfaces[0m
[37.402s] [ 45%] [32mBuilding CXX object CMakeFiles/modbus_demo__rosidl_typesupport_introspection_cpp.dir/rosidl_typesupport_introspection_cpp/modbus_demo/srv/detail/read_register__type_support.cpp.o[0m
[39.963s] [ 47%] [32mBuilding CXX object CMakeFiles/modbus_demo__rosidl_typesupport_introspection_cpp.dir/rosidl_typesupport_introspection_cpp/modbus_demo/srv/detail/write_register__type_support.cpp.o[0m
[41.721s] [ 50%] [32m[1mLinking CXX shared library libmodbus_demo__rosidl_typesupport_introspection_cpp.so[0m
[41.858s] [ 50%] Built target modbus_demo__rosidl_typesupport_introspection_cpp
[41.871s] [ 52%] [34m[1mGenerating C++ type support dispatch for ROS interfaces[0m
[42.888s] [ 54%] [32mBuilding CXX object CMakeFiles/modbus_demo__rosidl_typesupport_cpp.dir/rosidl_typesupport_cpp/modbus_demo/srv/read_register__type_support.cpp.o[0m
[43.612s] [ 56%] [32mBuilding CXX object CMakeFiles/modbus_demo__rosidl_typesupport_cpp.dir/rosidl_typesupport_cpp/modbus_demo/srv/write_register__type_support.cpp.o[0m
[44.150s] [ 59%] [32m[1mLinking CXX shared library libmodbus_demo__rosidl_typesupport_cpp.so[0m
[44.270s] [ 59%] Built target modbus_demo__rosidl_typesupport_cpp
[44.281s] [ 61%] [34m[1mGenerating C type support dispatch for ROS interfaces[0m
