[0.054s] Invoking command in '/home/robofruit/workspace/modbus_ws/build/modbus_demo': CMAKE_PREFIX_PATH=${CMAKE_PREFIX_PATH}:/opt/ros/kilted /usr/bin/cmake /home/robofruit/workspace/modbus_ws/src/modbus_demo -DCMAKE_INSTALL_PREFIX=/home/robofruit/workspace/modbus_ws/install/modbus_demo
[0.116s] -- Found ament_cmake: 2.7.3 (/opt/ros/kilted/share/ament_cmake/cmake)
[0.261s] -- Found Python3: /usr/bin/python3 (found version "3.12.3") found components: Interpreter 
[0.856s] -- Found rosidl_default_generators: 1.7.1 (/opt/ros/kilted/share/rosidl_default_generators/cmake)
[0.863s] -- Using all available rosidl_typesupport_c: rosidl_typesupport_fastrtps_c;rosidl_typesupport_introspection_c
[0.982s] -- Using all available rosidl_typesupport_cpp: rosidl_typesupport_fastrtps_cpp;rosidl_typesupport_introspection_cpp
[1.100s] -- Found rosidl_adapter: 4.9.5 (/opt/ros/kilted/share/rosidl_adapter/cmake)
[2.938s] -- Found ament_cmake_ros_core: 0.14.3 (/opt/ros/kilted/share/ament_cmake_ros_core/cmake)
[3.439s] -- Using all available rosidl_typesupport_c: rosidl_typesupport_fastrtps_c;rosidl_typesupport_introspection_c
[4.089s] -- Using all available rosidl_typesupport_cpp: rosidl_typesupport_fastrtps_cpp;rosidl_typesupport_introspection_cpp
[5.869s] -- Found Python3: /usr/bin/python3 (found version "3.12.3") found components: Interpreter Development NumPy Development.Module Development.Embed 
[6.016s] -- Found ament_lint_auto: 0.19.2 (/opt/ros/kilted/share/ament_lint_auto/cmake)
[6.028s] [31mCMake Error at CMakeLists.txt:27 (install):
[6.028s]   install PROGRAMS given RENAME option with more than one file.
[6.028s] 
[6.028s] [0m
[6.053s] -- Added test 'copyright' to check source files copyright and LICENSE
[6.067s] -- Added test 'flake8' to check Python code syntax and style conventions
[6.067s] -- Configured 'flake8' exclude dirs and/or files: 
[6.067s] -- Added test 'lint_cmake' to check CMake code style
[6.067s] -- Added test 'pep257' to check Python code against some of the docstring style conventions in PEP 257
[6.077s] -- Added test 'xmllint' to check XML markup files
[6.082s] -- Configuring incomplete, errors occurred!
[6.137s] Invoked command in '/home/robofruit/workspace/modbus_ws/build/modbus_demo' returned '1': CMAKE_PREFIX_PATH=${CMAKE_PREFIX_PATH}:/opt/ros/kilted /usr/bin/cmake /home/robofruit/workspace/modbus_ws/src/modbus_demo -DCMAKE_INSTALL_PREFIX=/home/robofruit/workspace/modbus_ws/install/modbus_demo
